Python 2.7.17 (v2.7.17:c2f86d86e6, Oct 19 2019, 21:01:17) [MSC v.1500 64 bit (AMD64)] on win32
Type "help", "copyright", "credits" or "license()" for more information.
>>> 
===== RESTART: C:/Users/Lifygen/projects/python/Python_Sams12_Ex_main.py =====
a==c:   False
b!=c:   True
a==b:   True
>>> 
===== RESTART: C:/Users/Lifygen/projects/python/Python_Sams12_Ex_main.py =====
a = Person()           b = Person()           c = Person(age=0)
a==c:   False
b!=c:   True
a==b:   True
>>> 
===== RESTART: C:/Users/Lifygen/projects/python/Python_Sams12_Ex_main.py =====
a = Person()
b = Person()
c = Person(age=0)
a==c:   False
b!=c:   True
a==b:   True
>>> 
===== RESTART: C:/Users/Lifygen/projects/python/Python_Sams12_Ex_main.py =====
a = Person()
b = Person()
c = Person(age=0)

a==c:   False
b!=c:   True
a==b:   True
>>> 
===== RESTART: C:/Users/Lifygen/projects/python/Python_Sams12_Ex_main.py =====
a = Person()
b = Person()
c = Person(age=0)

a==c:   False
b!=c:   True
a==b:   True


>>> 
===== RESTART: C:/Users/Lifygen/projects/python/Python_Sams12_Ex_main.py =====
a = Person()
b = Person()
c = Person(age=0)

a==c:   False
b!=c:   True
a==b:   True
>>> 
===== RESTART: C:/Users/Lifygen/projects/python/Python_Sams12_Ex_main.py =====
a = Person()
b = Person()
c = Person(age=0)

a==c:   False
b!=c:   True
a==b:   True 

>>> 
===== RESTART: C:/Users/Lifygen/projects/python/Python_Sams12_Ex_main.py =====
a = Person()
b = Person()
c = Person(age=0)

a==c:   False
b!=c:   True
a==b:   True 

>>> 
===== RESTART: C:/Users/Lifygen/projects/python/Python_Sams12_Ex_main.py =====
a = Person()
b = Person()
c = Person(age=0)

a==c:  False
b!=c:  True
a==b:  True

a>=c:  False
a<=c:  True
b> c:  True
b< c:  False

>>> 
===== RESTART: C:/Users/Lifygen/projects/python/Python_Sams12_Ex_main.py =====
a = Person()
b = Person()
c = Person(age=0)

27==0:  False
27!=0:  True
27==27:  True

a>=c:  False
a<=c:  True
b> c:  True
b< c:  False

>>> 
===== RESTART: C:/Users/Lifygen/projects/python/Python_Sams12_Ex_main.py =====
a = Person()
b = Person()
c = Person(age=0)

27]a==c[0:  False
27]b!=c[0:  True
27==27:  True

a>=c:  False
a<=c:  True
b> c:  True
b< c:  False

>>> 
===== RESTART: C:/Users/Lifygen/projects/python/Python_Sams12_Ex_main.py =====
a = Person()
b = Person()
c = Person(age=0)

27]a==c[0:  False
27]b!=c[0:  True
27]a==b[27:  True

27]a>=c[0:  False
27]a<=c[0:  True
27]b> c[0:  True
27]b< c[0:  False

>>> a = Person()
>>> b = Person()
>>> c = Person(age=0)
>>> 
>>> a>=c
False
>>> a=b
>>> a>=c
True
>>> b>=c
True
>>> 
===== RESTART: C:/Users/Lifygen/projects/python/Python_Sams12_Ex_main.py =====
a = Person()
b = Person()
c = Person(age=0)

27]a==c[0:  False
27]b!=c[0:  True
27]a==b[27:  True

27]a> c[0:  True
27]a< c[0:  False
27]a>=c[0:  False
27]a<=c[0:  True
27]b> c[0:  True
27]b< c[0:  False
27]b>=c[0:  True
27]b<=c[0:  False

>>> 
===== RESTART: C:/Users/Lifygen/projects/python/Python_Sams12_Ex_main.py =====
a = Person()
b = Person()
c = Person(age=0)

27]a==c[0:  False
27]b!=c[0:  True
27]a==b[27:  True

27]a> c[0:  True
27]a< c[0:  False
27]a>=c[0:  False
27]a<=c[0:  True
27]b> c[0:  True
27]b< c[0:  False
27]b>=c[0:  False
27]b<=c[0:  True

>>> 
===== RESTART: C:/Users/Lifygen/projects/python/Python_Sams12_Ex_main.py =====
a = Person()
b = Person()
c = Person(age=0)

27]a==c[0:  False
27]b!=c[0:  True
27]a==b[27:  True

27]a> c[0:  True
27]a< c[0:  False
27]a>=c[0:  False
27]a<=c[0:  True
27]b> c[0:  True
27]b< c[0:  False
27]b>=c[0:  False
27]b<=c[0:  True

>>> 
===== RESTART: C:/Users/Lifygen/projects/python/Python_Sams12_Ex_main.py =====
a = Person()
b = Person()
c = Person(age=0)

27]a==c[0:  False
27]b!=c[0:  True
27]a==b[27:  True

27]a> c[0:  True
27]a< c[0:  False
27]a>=c[0:  True?!What!?
27]a<=c[0:  False?!What!?

27]b> c[0:  True
27]b< c[0:  False
27]b>=c[0:  True
27]b<=c[0:  False

My name:  Noone
My age:  27
None
---------
My name:  Noone
My age:  27
None
---------
My name:  Noone
My age:  0
None
---------
>>> 
===== RESTART: C:/Users/Lifygen/projects/python/Python_Sams12_Ex_main.py =====
a = Person()
b = Person()
c = Person(age=0)

27]a==c[0:  False
27]b!=c[0:  True
27]a==b[27:  True

27]a> c[0:  True
27]a< c[0:  False
27]a>=c[0:  False?!What!?
27]a<=c[0:  True?!What!?

27]b> c[0:  True
27]b< c[0:  False
27]b>=c[0:  True
27]b<=c[0:  False

Person: a
My name:  Noone
My age:  27
None
---------
Person: b
My name:  Noone
My age:  27
None
---------
Person: c
My name:  Noone
My age:  0
None
---------
>>> 
===== RESTART: C:/Users/Lifygen/projects/python/Python_Sams12_Ex_main.py =====
a = Person()
b = Person()
c = Person(age=0)

27]a==c[0:  False
27]b!=c[0:  True
27]a==b[27:  True

27]a> c[0:  True
27]a< c[0:  False
27]a>=c[0:  False?!What!?
27]a<=c[0:  True?!What!?

27]b> c[0:  True
27]b< c[0:  False
27]b>=c[0:  True
27]b<=c[0:  False

Person: a
---------
My name:  Noone
My age:  27
None
---------

Person: b
---------
My name:  Noone
My age:  27
None
---------

Person: c
---------
My name:  Noone
My age:  0
None
---------

>>> 
===== RESTART: C:/Users/Lifygen/projects/python/Python_Sams12_Ex_main.py =====
a = Person()
b = Person()
c = Person(age=0)

27]a==c[0:  False
27]b!=c[0:  True
27]a==b[27:  True

27]a> c[0:  True
27]a< c[0:  False
27]a>=c[0:  False?!What!?
27]a<=c[0:  True?!What!?

27]b> c[0:  True
27]b< c[0:  False
27]b>=c[0:  True
27]b<=c[0:  False

---------
Person: a
---------
My name:  Noone
My age:  27
None
---------

---------
Person: b
---------
My name:  Noone
My age:  27
None
---------

---------
Person: c
---------
My name:  Noone
My age:  0
None
---------

>>> 
===== RESTART: C:/Users/Lifygen/projects/python/Python_Sams12_Ex_main.py =====
a = Person()
b = Person()
c = Person(age=0)

27]a==c[0:  False
27]b!=c[0:  True
27]a==b[27:  True

27]a> c[0:  True
27]a< c[0:  False
27]a>=c[0:  False?!What!?
27]a<=c[0:  True?!What!?

27]b> c[0:  True
27]b< c[0:  False
27]b>=c[0:  True
27]b<=c[0:  False

27]a> b[27:  False
27]a< b[27:  False
27]a>=b[27:  False?!What!?
27]a<=b[27:  True?!What!?

---------
Person: a
---------
My name:  Noone
My age:  27
None
---------

---------
Person: b
---------
My name:  Noone
My age:  27
None
---------

---------
Person: c
---------
My name:  Noone
My age:  0
None
---------

>>> 
===== RESTART: C:/Users/Lifygen/projects/python/Python_Sams12_Ex_main.py =====
a = Person()
b = Person()
c = Person(age=0)

27]a==c[0:  False
27]b!=c[0:  True
27]a==b[27:  True

27]a> c[0:  True
27]a< c[0:  False
27]a>=c[0:  False?!What!?
27]a<=c[0:  True?!What!?

27]b> c[0:  True
27]b< c[0:  False
27]b>=c[0:  True
27]b<=c[0:  False

27]a> b[27:  False
27]a< b[27:  False
27]a>=b[27:  False
27]a<=b[27:  True?!What!?

---------
Person: a
---------
My name:  Noone
My age:  27
None
---------

---------
Person: b
---------
My name:  Noone
My age:  27
None
---------

---------
Person: c
---------
My name:  Noone
My age:  0
None
---------

>>> 
===== RESTART: C:/Users/Lifygen/projects/python/Python_Sams12_Ex_main.py =====
a = Person()
b = Person()
c = Person(age=0)

27]a==c[0:  False
27]b!=c[0:  True
27]a==b[27:  True

27]a> c[0:  True
27]a< c[0:  False
27]a>=c[0:  False ?!What!? How can this be?
27]a<=c[0:  True ?!What!? How can this be?

27]b> c[0:  True
27]b< c[0:  False
27]b>=c[0:  False
27]b<=c[0:  True

27]a> b[27:  False
27]a< b[27:  False
27]a>=b[27:  True
27]a<=b[27:  False?!What!? How can this be?

---------
Person: a
---------
My name:  Noone
My age:  27
None
---------

---------
Person: b
---------
My name:  Noone
My age:  27
None
---------

---------
Person: c
---------
My name:  Noone
My age:  0
None
---------

>>> 
===== RESTART: C:/Users/Lifygen/projects/python/Python_Sams12_Ex_main.py =====
a = Person()
b = Person()
c = Person(age=0)

[27]a==c[0]:  False
[27]b!=c[0]:  True
[27]a==b[27]:  True

[27]a> c[0]:  True
[27]a< c[0]:  False
[27]a>=c[0]:  False ?!What!? How can this be?
[27]a<=c[0]:  True ?!What!? How can this be?

[27]b> c[0]:  True
[27]b< c[0]:  False
[27]b>=c[0]:  False
[27]b<=c[0]:  True

[27]a> b[27]:  False
[27]a< b[27]:  False
[27]a>=b[27]:  True
[27]a<=b[27]:  False?!What!? How can this be?

---------
Person: a
---------
My name:  Noone
My age:  27
None
---------

---------
Person: b
---------
My name:  Noone
My age:  27
None
---------

---------
Person: c
---------
My name:  Noone
My age:  0
None
---------

>>> 
